<testsuites>
	<testsuite id="1" tests="1" failures="1" package="/Users/cigdem/Downloads/UI_TEST/src/test/java/Scenarios/Trendyol.spec" time="2.027" timestamp="2021-01-08T10:17:02" name="Trendyol Case Study" errors="0" hostname="TESTINIUMs-MacBook-Pro.local">
		<properties></properties>
		<testcase classname="Trendyol Case Study" name="Trendyol-UI Case" time="2.027">
			<failure message="Trendyol-UI Case&#xA;Scenario Pre Hook Failure: &#39;org.openqa.selenium.SessionNotCreatedException: Could not create a session: You must enable the &#39;Allow Remote Automation&#39; option in Safari&#39;s Develop menu to control Safari via WebDriver.&#xA;Build info: version: &#39;3.8.1&#39;, revision: &#39;6e95a6684b&#39;, time: &#39;2017-12-01T18:33:54.468Z&#39;&#xA;System info: host: &#39;TESTINIUMs-MacBook-Pro.local&#39;, ip: &#39;fe80:0:0:0:99:2def:abf4:76aa%en0&#39;, os.name: &#39;Mac OS X&#39;, os.arch: &#39;x86_64&#39;, os.version: &#39;10.15.1&#39;, java.version: &#39;1.8.0_231&#39;&#xA;Driver info: driver.version: SafariDriver&#xA;remote stacktrace: &#39;" type="Trendyol-UI Case&#xA;Scenario Pre Hook Failure: &#39;org.openqa.selenium.SessionNotCreatedException: Could not create a session: You must enable the &#39;Allow Remote Automation&#39; option in Safari&#39;s Develop menu to control Safari via WebDriver.&#xA;Build info: version: &#39;3.8.1&#39;, revision: &#39;6e95a6684b&#39;, time: &#39;2017-12-01T18:33:54.468Z&#39;&#xA;System info: host: &#39;TESTINIUMs-MacBook-Pro.local&#39;, ip: &#39;fe80:0:0:0:99:2def:abf4:76aa%en0&#39;, os.name: &#39;Mac OS X&#39;, os.arch: &#39;x86_64&#39;, os.version: &#39;10.15.1&#39;, java.version: &#39;1.8.0_231&#39;&#xA;Driver info: driver.version: SafariDriver&#xA;remote stacktrace: &#39;">sun.reflect.NativeConstructorAccessorImpl.newInstance0(Native Method)&#xA;sun.reflect.NativeConstructorAccessorImpl.newInstance(NativeConstructorAccessorImpl.java:62)&#xA;sun.reflect.DelegatingConstructorAccessorImpl.newInstance(DelegatingConstructorAccessorImpl.java:45)&#xA;java.lang.reflect.Constructor.newInstance(Constructor.java:423)&#xA;org.openqa.selenium.remote.W3CHandshakeResponse.lambda$new$0(W3CHandshakeResponse.java:57)&#xA;org.openqa.selenium.remote.W3CHandshakeResponse.lambda$getResponseFunction$2(W3CHandshakeResponse.java:104)&#xA;org.openqa.selenium.remote.ProtocolHandshake.lambda$createSession$0(ProtocolHandshake.java:123)&#xA;java.util.stream.ReferencePipeline$3$1.accept(ReferencePipeline.java:193)&#xA;java.util.Spliterators$ArraySpliterator.tryAdvance(Spliterators.java:958)&#xA;java.util.stream.ReferencePipeline.forEachWithCancel(ReferencePipeline.java:126)&#xA;java.util.stream.AbstractPipeline.copyIntoWithCancel(AbstractPipeline.java:499)&#xA;java.util.stream.AbstractPipeline.copyInto(AbstractPipeline.java:486)&#xA;java.util.stream.AbstractPipeline.wrapAndCopyInto(AbstractPipeline.java:472)&#xA;java.util.stream.FindOps$FindOp.evaluateSequential(FindOps.java:152)&#xA;java.util.stream.AbstractPipeline.evaluate(AbstractPipeline.java:234)&#xA;java.util.stream.ReferencePipeline.findFirst(ReferencePipeline.java:464)&#xA;org.openqa.selenium.remote.ProtocolHandshake.createSession(ProtocolHandshake.java:126)&#xA;org.openqa.selenium.remote.ProtocolHandshake.createSession(ProtocolHandshake.java:73)&#xA;org.openqa.selenium.remote.HttpCommandExecutor.execute(HttpCommandExecutor.java:142)&#xA;org.openqa.selenium.remote.service.DriverCommandExecutor.execute(DriverCommandExecutor.java:83)&#xA;org.openqa.selenium.remote.RemoteWebDriver.execute(RemoteWebDriver.java:601)&#xA;org.openqa.selenium.remote.RemoteWebDriver.startSession(RemoteWebDriver.java:219)&#xA;org.openqa.selenium.remote.RemoteWebDriver.&lt;init&gt;(RemoteWebDriver.java:142)&#xA;org.openqa.selenium.safari.SafariDriver.&lt;init&gt;(SafariDriver.java:78)&#xA;org.openqa.selenium.safari.SafariDriver.&lt;init&gt;(SafariDriver.java:60)&#xA;org.openqa.selenium.safari.SafariDriver.&lt;init&gt;(SafariDriver.java:38)&#xA;baseUtil.baseUtils.initBrowser(baseUtils.java:50)&#xA;baseUtil.baseUtils.beforeScenario(baseUtils.java:35)&#xA;</failure>
		</testcase>
		<system-out></system-out>
		<system-err></system-err>
	</testsuite>
</testsuites>